[debug] [2021-04-20T08:11:07.737Z] ----------------------------------------------------------------------
[debug] [2021-04-20T08:11:07.738Z] Command:       /home/twin/.nvm/versions/node/v12.19.0/bin/node /usr/local/bin/firebase emulators:start --only functions
[debug] [2021-04-20T08:11:07.739Z] CLI Version:   9.8.0
[debug] [2021-04-20T08:11:07.739Z] Platform:      linux
[debug] [2021-04-20T08:11:07.739Z] Node Version:  v12.19.0
[debug] [2021-04-20T08:11:07.739Z] Time:          Tue Apr 20 2021 15:11:07 GMT+0700 (Indochina Time)
[debug] [2021-04-20T08:11:07.739Z] ----------------------------------------------------------------------
[debug] 
[debug] [2021-04-20T08:11:07.744Z] > command requires scopes: ["email","openid","https://www.googleapis.com/auth/cloudplatformprojects.readonly","https://www.googleapis.com/auth/firebase","https://www.googleapis.com/auth/cloud-platform"]
[debug] [2021-04-20T08:11:07.744Z] > authorizing via signed-in user
[info] i  emulators: Starting emulators: functions {"metadata":{"emulator":{"name":"hub"},"message":"Starting emulators: functions"}}
[debug] [2021-04-20T08:11:07.758Z] [hub] writing locator at /tmp/hub-dowho-line-pay.json
[warn] ⚠  functions: The following emulators are not running, calls to these services from the Functions emulator will affect production: auth, firestore, database, hosting, pubsub {"metadata":{"emulator":{"name":"functions"},"message":"The following emulators are not running, calls to these services from the Functions emulator will affect production: \u001b[1mauth, firestore, database, hosting, pubsub\u001b[22m"}}
[info] ✔  functions: Using node@12 from host. {"metadata":{"emulator":{"name":"functions"},"message":"Using node@12 from host."}}
[debug] [2021-04-20T08:11:07.785Z] defaultcredentials: writing to file /home/twin/.config/firebase/mrtawatchaimai_gmail_com_application_default_credentials.json
[debug] [2021-04-20T08:11:07.787Z] Setting GAC to /home/twin/.config/firebase/mrtawatchaimai_gmail_com_application_default_credentials.json {"metadata":{"emulator":{"name":"functions"},"message":"Setting GAC to /home/twin/.config/firebase/mrtawatchaimai_gmail_com_application_default_credentials.json"}}
[debug] [2021-04-20T08:11:07.789Z] > refreshing access token with scopes: []
[debug] [2021-04-20T08:11:07.789Z] >>> HTTP REQUEST POST https://www.googleapis.com/oauth2/v3/token  
 <request body omitted>
[debug] [2021-04-20T08:11:07.951Z] <<< HTTP RESPONSE 200 {"cache-control":"no-cache, no-store, max-age=0, must-revalidate","pragma":"no-cache","date":"Tue, 20 Apr 2021 08:11:07 GMT","expires":"Mon, 01 Jan 1990 00:00:00 GMT","content-type":"application/json; charset=utf-8","vary":"X-Origin, Referer, Origin,Accept-Encoding","server":"scaffolding on HTTPServer2","x-xss-protection":"0","x-frame-options":"SAMEORIGIN","x-content-type-options":"nosniff","alt-svc":"h3-29=\":443\"; ma=2592000,h3-T051=\":443\"; ma=2592000,h3-Q050=\":443\"; ma=2592000,h3-Q046=\":443\"; ma=2592000,h3-Q043=\":443\"; ma=2592000,quic=\":443\"; ma=2592000; v=\"46,43\"","accept-ranges":"none","transfer-encoding":"chunked"}
[debug] [2021-04-20T08:11:07.963Z] >>> [apiv2][query] GET https://firebase.googleapis.com/v1beta1/projects/dowho-line-pay/adminSdkConfig [none]
[debug] [2021-04-20T08:11:08.631Z] <<< [apiv2][status] GET https://firebase.googleapis.com/v1beta1/projects/dowho-line-pay/adminSdkConfig 200
[debug] [2021-04-20T08:11:08.632Z] <<< [apiv2][body] GET https://firebase.googleapis.com/v1beta1/projects/dowho-line-pay/adminSdkConfig {"projectId":"dowho-line-pay","storageBucket":"dowho-line-pay.appspot.com","locationId":"asia-southeast2"}
[debug] [2021-04-20T08:11:08.667Z] Ignoring unsupported arg: auto_download {"metadata":{"emulator":{"name":"ui"},"message":"Ignoring unsupported arg: auto_download"}}
[debug] [2021-04-20T08:11:08.667Z] Ignoring unsupported arg: port {"metadata":{"emulator":{"name":"ui"},"message":"Ignoring unsupported arg: port"}}
[debug] [2021-04-20T08:11:08.668Z] Starting Emulator UI with command {"binary":"node","args":["/home/twin/.cache/firebase/emulators/ui-v1.4.2/server.bundle.js"],"optionalArgs":[],"joinArgs":false} {"metadata":{"emulator":{"name":"ui"},"message":"Starting Emulator UI with command {\"binary\":\"node\",\"args\":[\"/home/twin/.cache/firebase/emulators/ui-v1.4.2/server.bundle.js\"],\"optionalArgs\":[],\"joinArgs\":false}"}}
[info] i  ui: Emulator UI logging to ui-debug.log {"metadata":{"emulator":{"name":"ui"},"message":"Emulator UI logging to \u001b[1mui-debug.log\u001b[22m"}}
[debug] [2021-04-20T08:11:08.756Z] Web / API server started at http://localhost:4000
 {"metadata":{"emulator":{"name":"ui"},"message":"Web / API server started at http://localhost:4000\n"}}
[info] i  functions: Watching "/home/twin/Documents/work/demo-line-pay/functions" for Cloud Functions... {"metadata":{"emulator":{"name":"functions"},"message":"Watching \"/home/twin/Documents/work/demo-line-pay/functions\" for Cloud Functions..."}}
[debug] [2021-04-20T08:11:08.974Z] [worker-pool] addWorker(~diagnostic~) {"metadata":{"emulator":{"name":"functions"},"message":"[worker-pool] addWorker(~diagnostic~)"}}
[debug] [2021-04-20T08:11:08.976Z] [worker-pool] Adding worker with key ~diagnostic~, total=1 {"metadata":{"emulator":{"name":"functions"},"message":"[worker-pool] Adding worker with key ~diagnostic~, total=1"}}
[debug] [2021-04-20T08:11:08.976Z] [worker-pool] submitWork(triggerId=) {"metadata":{"emulator":{"name":"functions"},"message":"[worker-pool] submitWork(triggerId=)"}}
[debug] [2021-04-20T08:11:08.978Z] [worker-~diagnostic~-e8422a03-18d5-4641-adfb-73805206535b]: Assigning socketPath: /tmp/fire_emu_31203.sock {"metadata":{"emulator":{"name":"functions"},"message":"[worker-~diagnostic~-e8422a03-18d5-4641-adfb-73805206535b]: Assigning socketPath: /tmp/fire_emu_31203.sock"}}
[debug] [2021-04-20T08:11:08.979Z] [worker-~diagnostic~-e8422a03-18d5-4641-adfb-73805206535b]: BUSY {"metadata":{"emulator":{"name":"functions"},"message":"[worker-~diagnostic~-e8422a03-18d5-4641-adfb-73805206535b]: BUSY"}}
[debug] [2021-04-20T08:11:09.160Z] [runtime-status] [31203] Functions runtime initialized. {"cwd":"/home/twin/Documents/work/demo-line-pay/functions","node_version":"12.19.0"} {"metadata":{"emulator":{"name":"functions"},"message":"[runtime-status] [31203] Functions runtime initialized. {\"cwd\":\"/home/twin/Documents/work/demo-line-pay/functions\",\"node_version\":\"12.19.0\"}"}}
[debug] [2021-04-20T08:11:09.160Z] [runtime-status] [31203] Disabled runtime features: undefined {"metadata":{"emulator":{"name":"functions"},"message":"[runtime-status] [31203] Disabled runtime features: undefined"}}
[debug] [2021-04-20T08:11:09.162Z] [runtime-status] [31203] Resolved module firebase-admin {"declared":true,"installed":true,"version":"9.6.0","resolution":"/home/twin/Documents/work/demo-line-pay/functions/node_modules/firebase-admin/lib/index.js"} {"metadata":{"emulator":{"name":"functions"},"message":"[runtime-status] [31203] Resolved module firebase-admin {\"declared\":true,\"installed\":true,\"version\":\"9.6.0\",\"resolution\":\"/home/twin/Documents/work/demo-line-pay/functions/node_modules/firebase-admin/lib/index.js\"}"}}
[debug] [2021-04-20T08:11:09.163Z] [runtime-status] [31203] Resolved module firebase-functions {"declared":true,"installed":true,"version":"3.13.2","resolution":"/home/twin/Documents/work/demo-line-pay/functions/node_modules/firebase-functions/lib/index.js"} {"metadata":{"emulator":{"name":"functions"},"message":"[runtime-status] [31203] Resolved module firebase-functions {\"declared\":true,\"installed\":true,\"version\":\"3.13.2\",\"resolution\":\"/home/twin/Documents/work/demo-line-pay/functions/node_modules/firebase-functions/lib/index.js\"}"}}
[debug] [2021-04-20T08:11:09.164Z] [runtime-status] [31203] Resolved module firebase-functions {"declared":true,"installed":true,"version":"3.13.2","resolution":"/home/twin/Documents/work/demo-line-pay/functions/node_modules/firebase-functions/lib/index.js"} {"metadata":{"emulator":{"name":"functions"},"message":"[runtime-status] [31203] Resolved module firebase-functions {\"declared\":true,\"installed\":true,\"version\":\"3.13.2\",\"resolution\":\"/home/twin/Documents/work/demo-line-pay/functions/node_modules/firebase-functions/lib/index.js\"}"}}
[debug] [2021-04-20T08:11:09.165Z] [runtime-status] [31203] Outgoing network have been stubbed. [{"name":"http","status":"mocked"},{"name":"http","status":"mocked"},{"name":"https","status":"mocked"},{"name":"https","status":"mocked"},{"name":"net","status":"mocked"}] {"metadata":{"emulator":{"name":"functions"},"message":"[runtime-status] [31203] Outgoing network have been stubbed. [{\"name\":\"http\",\"status\":\"mocked\"},{\"name\":\"http\",\"status\":\"mocked\"},{\"name\":\"https\",\"status\":\"mocked\"},{\"name\":\"https\",\"status\":\"mocked\"},{\"name\":\"net\",\"status\":\"mocked\"}]"}}
[debug] [2021-04-20T08:11:09.166Z] [runtime-status] [31203] Resolved module firebase-functions {"declared":true,"installed":true,"version":"3.13.2","resolution":"/home/twin/Documents/work/demo-line-pay/functions/node_modules/firebase-functions/lib/index.js"} {"metadata":{"emulator":{"name":"functions"},"message":"[runtime-status] [31203] Resolved module firebase-functions {\"declared\":true,\"installed\":true,\"version\":\"3.13.2\",\"resolution\":\"/home/twin/Documents/work/demo-line-pay/functions/node_modules/firebase-functions/lib/index.js\"}"}}
[debug] [2021-04-20T08:11:09.191Z] [runtime-status] [31203] Checked functions.config() {"config":{}} {"metadata":{"emulator":{"name":"functions"},"message":"[runtime-status] [31203] Checked functions.config() {\"config\":{}}"}}
[debug] [2021-04-20T08:11:09.191Z] [runtime-status] [31203] firebase-functions has been stubbed. {"functionsResolution":{"declared":true,"installed":true,"version":"3.13.2","resolution":"/home/twin/Documents/work/demo-line-pay/functions/node_modules/firebase-functions/lib/index.js"}} {"metadata":{"emulator":{"name":"functions"},"message":"[runtime-status] [31203] firebase-functions has been stubbed. {\"functionsResolution\":{\"declared\":true,\"installed\":true,\"version\":\"3.13.2\",\"resolution\":\"/home/twin/Documents/work/demo-line-pay/functions/node_modules/firebase-functions/lib/index.js\"}}"}}
[debug] [2021-04-20T08:11:09.191Z] [runtime-status] [31203] Resolved module firebase-functions {"declared":true,"installed":true,"version":"3.13.2","resolution":"/home/twin/Documents/work/demo-line-pay/functions/node_modules/firebase-functions/lib/index.js"} {"metadata":{"emulator":{"name":"functions"},"message":"[runtime-status] [31203] Resolved module firebase-functions {\"declared\":true,\"installed\":true,\"version\":\"3.13.2\",\"resolution\":\"/home/twin/Documents/work/demo-line-pay/functions/node_modules/firebase-functions/lib/index.js\"}"}}
[debug] [2021-04-20T08:11:09.192Z] [runtime-status] [31203] Resolved module firebase-admin {"declared":true,"installed":true,"version":"9.6.0","resolution":"/home/twin/Documents/work/demo-line-pay/functions/node_modules/firebase-admin/lib/index.js"} {"metadata":{"emulator":{"name":"functions"},"message":"[runtime-status] [31203] Resolved module firebase-admin {\"declared\":true,\"installed\":true,\"version\":\"9.6.0\",\"resolution\":\"/home/twin/Documents/work/demo-line-pay/functions/node_modules/firebase-admin/lib/index.js\"}"}}
[debug] [2021-04-20T08:11:09.192Z] [runtime-status] [31203] Resolved module firebase-functions {"declared":true,"installed":true,"version":"3.13.2","resolution":"/home/twin/Documents/work/demo-line-pay/functions/node_modules/firebase-functions/lib/index.js"} {"metadata":{"emulator":{"name":"functions"},"message":"[runtime-status] [31203] Resolved module firebase-functions {\"declared\":true,\"installed\":true,\"version\":\"3.13.2\",\"resolution\":\"/home/twin/Documents/work/demo-line-pay/functions/node_modules/firebase-functions/lib/index.js\"}"}}
[debug] [2021-04-20T08:11:09.192Z] [runtime-status] [31203] firebase-admin has been stubbed. {"adminResolution":{"declared":true,"installed":true,"version":"9.6.0","resolution":"/home/twin/Documents/work/demo-line-pay/functions/node_modules/firebase-admin/lib/index.js"}} {"metadata":{"emulator":{"name":"functions"},"message":"[runtime-status] [31203] firebase-admin has been stubbed. {\"adminResolution\":{\"declared\":true,\"installed\":true,\"version\":\"9.6.0\",\"resolution\":\"/home/twin/Documents/work/demo-line-pay/functions/node_modules/firebase-admin/lib/index.js\"}}"}}
[warn] ⚠  It looks like you're trying to access functions.config().firebase but there is no value there. You can learn more about setting up config here: https://firebase.google.com/docs/functions/local-emulator {"metadata":{"emulator":{"name":"functions"},"message":"It looks like you're trying to access functions.config().firebase but there is no value there. You can learn more about setting up config here: https://firebase.google.com/docs/functions/local-emulator"}}
[debug] [2021-04-20T08:11:09.332Z] [runtime-status] [31203] initializeApp(DEFAULT) {"storageBucket":"dowho-line-pay.appspot.com","projectId":"dowho-line-pay"} {"metadata":{"emulator":{"name":"functions"},"message":"[runtime-status] [31203] initializeApp(DEFAULT) {\"storageBucket\":\"dowho-line-pay.appspot.com\",\"projectId\":\"dowho-line-pay\"}"}}
[warn] ⚠  functions: The Cloud Firestore emulator is not running, so calls to Firestore will affect production. {"metadata":{"emulator":{"name":"functions"},"message":"The Cloud Firestore emulator is not running, so calls to Firestore will affect production."}}
[info] ✔  functions[webhook]: http function initialized (http://localhost:5001/dowho-line-pay/asia-east2/webhook). {"metadata":{"emulator":{"name":"functions"},"message":"\u001b[1mhttp\u001b[22m function initialized (http://localhost:5001/dowho-line-pay/asia-east2/webhook)."}}
[info] ✔  functions[confirmOrder]: http function initialized (http://localhost:5001/dowho-line-pay/asia-east2/confirmOrder). {"metadata":{"emulator":{"name":"functions"},"message":"\u001b[1mhttp\u001b[22m function initialized (http://localhost:5001/dowho-line-pay/asia-east2/confirmOrder)."}}
[info] ✔  functions[app]: http function initialized (http://localhost:5001/dowho-line-pay/us-central1/app). {"metadata":{"emulator":{"name":"functions"},"message":"\u001b[1mhttp\u001b[22m function initialized (http://localhost:5001/dowho-line-pay/us-central1/app)."}}
[info] 
┌─────────────────────────────────────────────────────────────┐
│ ✔  All emulators ready! It is now safe to connect your app. │
│ i  View Emulator UI at http://localhost:4000                │
└─────────────────────────────────────────────────────────────┘

┌───────────┬────────────────┬─────────────────────────────────┐
│ Emulator  │ Host:Port      │ View in Emulator UI             │
├───────────┼────────────────┼─────────────────────────────────┤
│ Functions │ localhost:5001 │ http://localhost:4000/functions │
└───────────┴────────────────┴─────────────────────────────────┘
  Emulator Hub running at localhost:4400
  Other reserved ports: 4500

Issues? Report them at https://github.com/firebase/firebase-tools/issues and attach the *-debug.log files.
 
[debug] [2021-04-20T08:11:09.462Z] [worker-~diagnostic~-e8422a03-18d5-4641-adfb-73805206535b]: IDLE {"metadata":{"emulator":{"name":"functions"},"message":"[worker-~diagnostic~-e8422a03-18d5-4641-adfb-73805206535b]: IDLE"}}
[debug] [2021-04-20T08:11:18.870Z] [work-queue] {"queueLength":1,"workRunningCount":0}
[debug] [2021-04-20T08:11:18.871Z] [work-queue] {"queueLength":0,"workRunningCount":1}
[debug] [2021-04-20T08:11:18.872Z] Accepted request POST /dowho-line-pay/asia-east2/webhook --> webhook
[debug] [2021-04-20T08:11:18.885Z] [worker-pool] addWorker(webhook) {"metadata":{"emulator":{"name":"functions"},"message":"[worker-pool] addWorker(webhook)"}}
[debug] [2021-04-20T08:11:18.887Z] [worker-pool] Adding worker with key webhook, total=1 {"metadata":{"emulator":{"name":"functions"},"message":"[worker-pool] Adding worker with key webhook, total=1"}}
[debug] [2021-04-20T08:11:18.887Z] [worker-pool] submitWork(triggerId=webhook) {"metadata":{"emulator":{"name":"functions"},"message":"[worker-pool] submitWork(triggerId=webhook)"}}
[debug] [2021-04-20T08:11:18.888Z] [worker-webhook-97e0d5ad-78d0-454b-8d65-ea04f4109749]: Assigning socketPath: /tmp/fire_emu_31216.sock {"metadata":{"emulator":{"name":"functions"},"message":"[worker-webhook-97e0d5ad-78d0-454b-8d65-ea04f4109749]: Assigning socketPath: /tmp/fire_emu_31216.sock"}}
[debug] [2021-04-20T08:11:18.888Z] [worker-webhook-97e0d5ad-78d0-454b-8d65-ea04f4109749]: BUSY {"metadata":{"emulator":{"name":"functions"},"message":"[worker-webhook-97e0d5ad-78d0-454b-8d65-ea04f4109749]: BUSY"}}
[debug] [2021-04-20T08:11:19.045Z] [runtime-status] [31216] Functions runtime initialized. {"cwd":"/home/twin/Documents/work/demo-line-pay/functions","node_version":"12.19.0"} {"metadata":{"emulator":{"name":"functions"},"function":{"name":"webhook"},"message":"[runtime-status] [31216] Functions runtime initialized. {\"cwd\":\"/home/twin/Documents/work/demo-line-pay/functions\",\"node_version\":\"12.19.0\"}"}}
[debug] [2021-04-20T08:11:19.046Z] [runtime-status] [31216] Disabled runtime features: undefined {"metadata":{"emulator":{"name":"functions"},"function":{"name":"webhook"},"message":"[runtime-status] [31216] Disabled runtime features: undefined"}}
[debug] [2021-04-20T08:11:19.048Z] [runtime-status] [31216] Resolved module firebase-admin {"declared":true,"installed":true,"version":"9.6.0","resolution":"/home/twin/Documents/work/demo-line-pay/functions/node_modules/firebase-admin/lib/index.js"} {"metadata":{"emulator":{"name":"functions"},"function":{"name":"webhook"},"message":"[runtime-status] [31216] Resolved module firebase-admin {\"declared\":true,\"installed\":true,\"version\":\"9.6.0\",\"resolution\":\"/home/twin/Documents/work/demo-line-pay/functions/node_modules/firebase-admin/lib/index.js\"}"}}
[debug] [2021-04-20T08:11:19.049Z] [runtime-status] [31216] Resolved module firebase-functions {"declared":true,"installed":true,"version":"3.13.2","resolution":"/home/twin/Documents/work/demo-line-pay/functions/node_modules/firebase-functions/lib/index.js"} {"metadata":{"emulator":{"name":"functions"},"function":{"name":"webhook"},"message":"[runtime-status] [31216] Resolved module firebase-functions {\"declared\":true,\"installed\":true,\"version\":\"3.13.2\",\"resolution\":\"/home/twin/Documents/work/demo-line-pay/functions/node_modules/firebase-functions/lib/index.js\"}"}}
[debug] [2021-04-20T08:11:19.050Z] [runtime-status] [31216] Resolved module firebase-functions {"declared":true,"installed":true,"version":"3.13.2","resolution":"/home/twin/Documents/work/demo-line-pay/functions/node_modules/firebase-functions/lib/index.js"} {"metadata":{"emulator":{"name":"functions"},"function":{"name":"webhook"},"message":"[runtime-status] [31216] Resolved module firebase-functions {\"declared\":true,\"installed\":true,\"version\":\"3.13.2\",\"resolution\":\"/home/twin/Documents/work/demo-line-pay/functions/node_modules/firebase-functions/lib/index.js\"}"}}
[debug] [2021-04-20T08:11:19.051Z] [runtime-status] [31216] Outgoing network have been stubbed. [{"name":"http","status":"mocked"},{"name":"http","status":"mocked"},{"name":"https","status":"mocked"},{"name":"https","status":"mocked"},{"name":"net","status":"mocked"}] {"metadata":{"emulator":{"name":"functions"},"function":{"name":"webhook"},"message":"[runtime-status] [31216] Outgoing network have been stubbed. [{\"name\":\"http\",\"status\":\"mocked\"},{\"name\":\"http\",\"status\":\"mocked\"},{\"name\":\"https\",\"status\":\"mocked\"},{\"name\":\"https\",\"status\":\"mocked\"},{\"name\":\"net\",\"status\":\"mocked\"}]"}}
[debug] [2021-04-20T08:11:19.052Z] [runtime-status] [31216] Resolved module firebase-functions {"declared":true,"installed":true,"version":"3.13.2","resolution":"/home/twin/Documents/work/demo-line-pay/functions/node_modules/firebase-functions/lib/index.js"} {"metadata":{"emulator":{"name":"functions"},"function":{"name":"webhook"},"message":"[runtime-status] [31216] Resolved module firebase-functions {\"declared\":true,\"installed\":true,\"version\":\"3.13.2\",\"resolution\":\"/home/twin/Documents/work/demo-line-pay/functions/node_modules/firebase-functions/lib/index.js\"}"}}
[debug] [2021-04-20T08:11:19.076Z] [runtime-status] [31216] Checked functions.config() {"config":{}} {"metadata":{"emulator":{"name":"functions"},"function":{"name":"webhook"},"message":"[runtime-status] [31216] Checked functions.config() {\"config\":{}}"}}
[debug] [2021-04-20T08:11:19.077Z] [runtime-status] [31216] firebase-functions has been stubbed. {"functionsResolution":{"declared":true,"installed":true,"version":"3.13.2","resolution":"/home/twin/Documents/work/demo-line-pay/functions/node_modules/firebase-functions/lib/index.js"}} {"metadata":{"emulator":{"name":"functions"},"function":{"name":"webhook"},"message":"[runtime-status] [31216] firebase-functions has been stubbed. {\"functionsResolution\":{\"declared\":true,\"installed\":true,\"version\":\"3.13.2\",\"resolution\":\"/home/twin/Documents/work/demo-line-pay/functions/node_modules/firebase-functions/lib/index.js\"}}"}}
[debug] [2021-04-20T08:11:19.077Z] [runtime-status] [31216] Resolved module firebase-functions {"declared":true,"installed":true,"version":"3.13.2","resolution":"/home/twin/Documents/work/demo-line-pay/functions/node_modules/firebase-functions/lib/index.js"} {"metadata":{"emulator":{"name":"functions"},"function":{"name":"webhook"},"message":"[runtime-status] [31216] Resolved module firebase-functions {\"declared\":true,\"installed\":true,\"version\":\"3.13.2\",\"resolution\":\"/home/twin/Documents/work/demo-line-pay/functions/node_modules/firebase-functions/lib/index.js\"}"}}
[debug] [2021-04-20T08:11:19.077Z] [runtime-status] [31216] Resolved module firebase-admin {"declared":true,"installed":true,"version":"9.6.0","resolution":"/home/twin/Documents/work/demo-line-pay/functions/node_modules/firebase-admin/lib/index.js"} {"metadata":{"emulator":{"name":"functions"},"function":{"name":"webhook"},"message":"[runtime-status] [31216] Resolved module firebase-admin {\"declared\":true,\"installed\":true,\"version\":\"9.6.0\",\"resolution\":\"/home/twin/Documents/work/demo-line-pay/functions/node_modules/firebase-admin/lib/index.js\"}"}}
[debug] [2021-04-20T08:11:19.078Z] [runtime-status] [31216] Resolved module firebase-functions {"declared":true,"installed":true,"version":"3.13.2","resolution":"/home/twin/Documents/work/demo-line-pay/functions/node_modules/firebase-functions/lib/index.js"} {"metadata":{"emulator":{"name":"functions"},"function":{"name":"webhook"},"message":"[runtime-status] [31216] Resolved module firebase-functions {\"declared\":true,\"installed\":true,\"version\":\"3.13.2\",\"resolution\":\"/home/twin/Documents/work/demo-line-pay/functions/node_modules/firebase-functions/lib/index.js\"}"}}
[debug] [2021-04-20T08:11:19.078Z] [runtime-status] [31216] firebase-admin has been stubbed. {"adminResolution":{"declared":true,"installed":true,"version":"9.6.0","resolution":"/home/twin/Documents/work/demo-line-pay/functions/node_modules/firebase-admin/lib/index.js"}} {"metadata":{"emulator":{"name":"functions"},"function":{"name":"webhook"},"message":"[runtime-status] [31216] firebase-admin has been stubbed. {\"adminResolution\":{\"declared\":true,\"installed\":true,\"version\":\"9.6.0\",\"resolution\":\"/home/twin/Documents/work/demo-line-pay/functions/node_modules/firebase-admin/lib/index.js\"}}"}}
[debug] [2021-04-20T08:11:19.209Z] [runtime-status] [31216] initializeApp(DEFAULT) {"storageBucket":"dowho-line-pay.appspot.com","projectId":"dowho-line-pay"} {"metadata":{"emulator":{"name":"functions"},"function":{"name":"webhook"},"message":"[runtime-status] [31216] initializeApp(DEFAULT) {\"storageBucket\":\"dowho-line-pay.appspot.com\",\"projectId\":\"dowho-line-pay\"}"}}
[debug] [2021-04-20T08:11:19.330Z] [runtime-status] [31216] Trigger "webhook" has been found, beginning invocation! {"metadata":{"emulator":{"name":"functions"},"function":{"name":"webhook"},"message":"[runtime-status] [31216] Trigger \"webhook\" has been found, beginning invocation!"}}
[info] i  functions: Beginning execution of "webhook" {"metadata":{"emulator":{"name":"functions"},"function":{"name":"webhook"},"message":"Beginning execution of \"webhook\""}}
[debug] [2021-04-20T08:11:19.331Z] [runtime-status] [31216] triggerDefinition {"regions":["asia-east2"],"httpsTrigger":{},"name":"webhook","entryPoint":"webhook"} {"metadata":{"emulator":{"name":"functions"},"function":{"name":"webhook"},"message":"[runtime-status] [31216] triggerDefinition {\"regions\":[\"asia-east2\"],\"httpsTrigger\":{},\"name\":\"webhook\",\"entryPoint\":\"webhook\"}"}}
[debug] [2021-04-20T08:11:19.331Z] [runtime-status] [31216] Running webhook in mode HTTPS {"metadata":{"emulator":{"name":"functions"},"function":{"name":"webhook"},"message":"[runtime-status] [31216] Running webhook in mode HTTPS"}}
[debug] [2021-04-20T08:11:19.333Z] [runtime-status] [31216] Attempting to listen to socketPath: /tmp/fire_emu_31216.sock {"metadata":{"emulator":{"name":"functions"},"function":{"name":"webhook"},"message":"[runtime-status] [31216] Attempting to listen to socketPath: /tmp/fire_emu_31216.sock"}}
[debug] [2021-04-20T08:11:19.335Z] [functions] Runtime ready! Sending request! {"metadata":{"emulator":{"name":"functions"},"message":"[functions] Runtime ready! Sending request!"}}
[debug] [2021-04-20T08:11:19.336Z] [functions] Got req.url=/dowho-line-pay/asia-east2/webhook, mapping to path=/ {"metadata":{"emulator":{"name":"functions"},"message":"[functions] Got req.url=/dowho-line-pay/asia-east2/webhook, mapping to path=/"}}
[debug] [2021-04-20T08:11:19.350Z] [runtime-status] [31216] Ephemeral server handling POST request {"metadata":{"emulator":{"name":"functions"},"function":{"name":"webhook"},"message":"[runtime-status] [31216] Ephemeral server handling POST request"}}
[info] >  {"events":[{"type":"message","replyToken":"05de1987a29042b2aebf1f2cef926777","source":{"userId":"U645cc0aac2530d1b722a8e7bfdda3d94","type":"user"},"timestamp":1618906277958,"mode":"active","message":{"type":"text","id":"13918415740284","text":"Checkout"}}],"destination":"Uac940ed36a553d0803598cd685314570"} {"user":{"events":[{"type":"message","replyToken":"05de1987a29042b2aebf1f2cef926777","source":{"userId":"U645cc0aac2530d1b722a8e7bfdda3d94","type":"user"},"timestamp":1618906277958,"mode":"active","message":{"type":"text","id":"13918415740284","text":"Checkout"}}],"destination":"Uac940ed36a553d0803598cd685314570"},"metadata":{"emulator":{"name":"functions"},"function":{"name":"webhook"},"message":"\u001b[90m> \u001b[39m {\"events\":[{\"type\":\"message\",\"replyToken\":\"05de1987a29042b2aebf1f2cef926777\",\"source\":{\"userId\":\"U645cc0aac2530d1b722a8e7bfdda3d94\",\"type\":\"user\"},\"timestamp\":1618906277958,\"mode\":\"active\",\"message\":{\"type\":\"text\",\"id\":\"13918415740284\",\"text\":\"Checkout\"}}],\"destination\":\"Uac940ed36a553d0803598cd685314570\"}"}}
[debug] [2021-04-20T08:11:19.355Z] [runtime-status] [31216] Ephemeral server survived. {"metadata":{"emulator":{"name":"functions"},"function":{"name":"webhook"},"message":"[runtime-status] [31216] Ephemeral server survived."}}
[warn] ⚠  External network resource requested!
   - URL: "https://api.line.me/v2/bot/message/reply"
 - Be careful, this may be a production service. {"metadata":{"emulator":{"name":"functions"},"function":{"name":"webhook"},"message":"External network resource requested!\n   - URL: \"https://api.line.me/v2/bot/message/reply\"\n - Be careful, this may be a production service."}}
[info] >  {} {"user":{},"metadata":{"emulator":{"name":"functions"},"function":{"name":"webhook"},"message":"\u001b[90m> \u001b[39m {}"}}
[info] i  functions: Finished "webhook" in ~1s {"metadata":{"emulator":{"name":"functions"},"function":{"name":"webhook"},"message":"Finished \"webhook\" in ~1s"}}
[debug] [2021-04-20T08:11:19.568Z] [worker-webhook-97e0d5ad-78d0-454b-8d65-ea04f4109749]: IDLE {"metadata":{"emulator":{"name":"functions"},"message":"[worker-webhook-97e0d5ad-78d0-454b-8d65-ea04f4109749]: IDLE"}}
[debug] [2021-04-20T08:11:19.568Z] [work-queue] {"queueLength":0,"workRunningCount":0}
[debug] [2021-04-20T08:11:21.115Z] [work-queue] {"queueLength":1,"workRunningCount":0}
[debug] [2021-04-20T08:11:21.115Z] [work-queue] {"queueLength":0,"workRunningCount":1}
[debug] [2021-04-20T08:11:21.116Z] Accepted request POST /dowho-line-pay/asia-east2/webhook --> webhook
[debug] [2021-04-20T08:11:21.116Z] [worker-pool] submitWork(triggerId=webhook) {"metadata":{"emulator":{"name":"functions"},"message":"[worker-pool] submitWork(triggerId=webhook)"}}
[debug] [2021-04-20T08:11:21.117Z] [worker-webhook-97e0d5ad-78d0-454b-8d65-ea04f4109749]: Assigning socketPath: /tmp/fire_emu_31216.sock {"metadata":{"emulator":{"name":"functions"},"message":"[worker-webhook-97e0d5ad-78d0-454b-8d65-ea04f4109749]: Assigning socketPath: /tmp/fire_emu_31216.sock"}}
[debug] [2021-04-20T08:11:21.117Z] [worker-webhook-97e0d5ad-78d0-454b-8d65-ea04f4109749]: BUSY {"metadata":{"emulator":{"name":"functions"},"message":"[worker-webhook-97e0d5ad-78d0-454b-8d65-ea04f4109749]: BUSY"}}
[debug] [2021-04-20T08:11:21.118Z] [runtime-status] [31216] Trigger "webhook" has been found, beginning invocation! {"metadata":{"emulator":{"name":"functions"},"function":{"name":"webhook"},"message":"[runtime-status] [31216] Trigger \"webhook\" has been found, beginning invocation!"}}
[info] i  functions: Beginning execution of "webhook" {"metadata":{"emulator":{"name":"functions"},"function":{"name":"webhook"},"message":"Beginning execution of \"webhook\""}}
[debug] [2021-04-20T08:11:21.120Z] [runtime-status] [31216] triggerDefinition {"regions":["asia-east2"],"httpsTrigger":{},"name":"webhook","entryPoint":"webhook"} {"metadata":{"emulator":{"name":"functions"},"function":{"name":"webhook"},"message":"[runtime-status] [31216] triggerDefinition {\"regions\":[\"asia-east2\"],\"httpsTrigger\":{},\"name\":\"webhook\",\"entryPoint\":\"webhook\"}"}}
[debug] [2021-04-20T08:11:21.120Z] [runtime-status] [31216] Running webhook in mode HTTPS {"metadata":{"emulator":{"name":"functions"},"function":{"name":"webhook"},"message":"[runtime-status] [31216] Running webhook in mode HTTPS"}}
[debug] [2021-04-20T08:11:21.121Z] [runtime-status] [31216] Attempting to listen to socketPath: /tmp/fire_emu_31216.sock {"metadata":{"emulator":{"name":"functions"},"function":{"name":"webhook"},"message":"[runtime-status] [31216] Attempting to listen to socketPath: /tmp/fire_emu_31216.sock"}}
[debug] [2021-04-20T08:11:21.123Z] [functions] Runtime ready! Sending request! {"metadata":{"emulator":{"name":"functions"},"message":"[functions] Runtime ready! Sending request!"}}
[debug] [2021-04-20T08:11:21.124Z] [functions] Got req.url=/dowho-line-pay/asia-east2/webhook, mapping to path=/ {"metadata":{"emulator":{"name":"functions"},"message":"[functions] Got req.url=/dowho-line-pay/asia-east2/webhook, mapping to path=/"}}
[debug] [2021-04-20T08:11:21.140Z] [runtime-status] [31216] Ephemeral server handling POST request {"metadata":{"emulator":{"name":"functions"},"function":{"name":"webhook"},"message":"[runtime-status] [31216] Ephemeral server handling POST request"}}
[info] >  {"events":[{"type":"postback","replyToken":"892df4d8a0ec430e834ddbdefa007aa8","source":{"userId":"U645cc0aac2530d1b722a8e7bfdda3d94","type":"user"},"timestamp":1618906280641,"mode":"active","postback":{"data":"pay"}}],"destination":"Uac940ed36a553d0803598cd685314570"} {"user":{"events":[{"type":"postback","replyToken":"892df4d8a0ec430e834ddbdefa007aa8","source":{"userId":"U645cc0aac2530d1b722a8e7bfdda3d94","type":"user"},"timestamp":1618906280641,"mode":"active","postback":{"data":"pay"}}],"destination":"Uac940ed36a553d0803598cd685314570"},"metadata":{"emulator":{"name":"functions"},"function":{"name":"webhook"},"message":"\u001b[90m> \u001b[39m {\"events\":[{\"type\":\"postback\",\"replyToken\":\"892df4d8a0ec430e834ddbdefa007aa8\",\"source\":{\"userId\":\"U645cc0aac2530d1b722a8e7bfdda3d94\",\"type\":\"user\"},\"timestamp\":1618906280641,\"mode\":\"active\",\"postback\":{\"data\":\"pay\"}}],\"destination\":\"Uac940ed36a553d0803598cd685314570\"}"}}
[info] >  { {"user":"{","metadata":{"emulator":{"name":"functions"},"function":{"name":"webhook"},"message":"\u001b[90m> \u001b[39m {"}}
[info] >    'Content-Type': 'application/json', {"user":"  'Content-Type': 'application/json',","metadata":{"emulator":{"name":"functions"},"function":{"name":"webhook"},"message":"\u001b[90m> \u001b[39m   'Content-Type': 'application/json',"}}
[info] >    'X-LINE-ChannelId': '1655872733', {"user":"  'X-LINE-ChannelId': '1655872733',","metadata":{"emulator":{"name":"functions"},"function":{"name":"webhook"},"message":"\u001b[90m> \u001b[39m   'X-LINE-ChannelId': '1655872733',"}}
[info] >    'X-LINE-Authorization-Nonce': '62784fe9-5b60-4f9c-976d-2b80a4d21584', {"user":"  'X-LINE-Authorization-Nonce': '62784fe9-5b60-4f9c-976d-2b80a4d21584',","metadata":{"emulator":{"name":"functions"},"function":{"name":"webhook"},"message":"\u001b[90m> \u001b[39m   'X-LINE-Authorization-Nonce': '62784fe9-5b60-4f9c-976d-2b80a4d21584',"}}
[info] >    'X-LINE-Authorization': 'lMcy4yNaHWhjGApcgDi7GCdMJF2MKJBqxi72hoWCPC4=' {"user":"  'X-LINE-Authorization': 'lMcy4yNaHWhjGApcgDi7GCdMJF2MKJBqxi72hoWCPC4='","metadata":{"emulator":{"name":"functions"},"function":{"name":"webhook"},"message":"\u001b[90m> \u001b[39m   'X-LINE-Authorization': 'lMcy4yNaHWhjGApcgDi7GCdMJF2MKJBqxi72hoWCPC4='"}}
[info] >  } {"user":"}","metadata":{"emulator":{"name":"functions"},"function":{"name":"webhook"},"message":"\u001b[90m> \u001b[39m }"}}
[warn] ⚠  External network resource requested!
   - URL: "https://sandbox-api-pay.line.me/v3/payments/request"
 - Be careful, this may be a production service. {"metadata":{"emulator":{"name":"functions"},"function":{"name":"webhook"},"message":"External network resource requested!\n   - URL: \"https://sandbox-api-pay.line.me/v3/payments/request\"\n - Be careful, this may be a production service."}}
[info] >  data===> {"returnCode":"0000","returnMessage":"Success.","info":{"paymentUrl":{"web":"https://sandbox-web-pay.line.me/web/payment/wait?transactionReserveId=bEN3b0ZhQmtRYWxnNWRUcVFMWkxMcjBNZm93bUFMcHU0WS9qY05nK0JSR0p3d1V3S3ZuWUpqa0xvQjhSeE56UA","app":"line://pay/payment/bEN3b0ZhQmtRYWxnNWRUcVFMWkxMcjBNZm93bUFMcHU0WS9qY05nK0JSR0p3d1V3S3ZuWUpqa0xvQjhSeE56UA"},"transactionId":2021042000661166410,"paymentAccessToken":"184175784976"}} {"user":"data===> {\"returnCode\":\"0000\",\"returnMessage\":\"Success.\",\"info\":{\"paymentUrl\":{\"web\":\"https://sandbox-web-pay.line.me/web/payment/wait?transactionReserveId=bEN3b0ZhQmtRYWxnNWRUcVFMWkxMcjBNZm93bUFMcHU0WS9qY05nK0JSR0p3d1V3S3ZuWUpqa0xvQjhSeE56UA\",\"app\":\"line://pay/payment/bEN3b0ZhQmtRYWxnNWRUcVFMWkxMcjBNZm93bUFMcHU0WS9qY05nK0JSR0p3d1V3S3ZuWUpqa0xvQjhSeE56UA\"},\"transactionId\":2021042000661166410,\"paymentAccessToken\":\"184175784976\"}}","metadata":{"emulator":{"name":"functions"},"function":{"name":"webhook"},"message":"\u001b[90m> \u001b[39m data===> {\"returnCode\":\"0000\",\"returnMessage\":\"Success.\",\"info\":{\"paymentUrl\":{\"web\":\"https://sandbox-web-pay.line.me/web/payment/wait?transactionReserveId=bEN3b0ZhQmtRYWxnNWRUcVFMWkxMcjBNZm93bUFMcHU0WS9qY05nK0JSR0p3d1V3S3ZuWUpqa0xvQjhSeE56UA\",\"app\":\"line://pay/payment/bEN3b0ZhQmtRYWxnNWRUcVFMWkxMcjBNZm93bUFMcHU0WS9qY05nK0JSR0p3d1V3S3ZuWUpqa0xvQjhSeE56UA\"},\"transactionId\":2021042000661166410,\"paymentAccessToken\":\"184175784976\"}}"}}
[debug] [2021-04-20T08:11:23.648Z] [runtime-status] [31216] Ephemeral server survived. {"metadata":{"emulator":{"name":"functions"},"function":{"name":"webhook"},"message":"[runtime-status] [31216] Ephemeral server survived."}}
[info] i  functions: Finished "webhook" in ~2s {"metadata":{"emulator":{"name":"functions"},"function":{"name":"webhook"},"message":"Finished \"webhook\" in ~2s"}}
[debug] [2021-04-20T08:11:23.650Z] [worker-webhook-97e0d5ad-78d0-454b-8d65-ea04f4109749]: IDLE {"metadata":{"emulator":{"name":"functions"},"message":"[worker-webhook-97e0d5ad-78d0-454b-8d65-ea04f4109749]: IDLE"}}
[debug] [2021-04-20T08:11:23.651Z] [work-queue] {"queueLength":0,"workRunningCount":0}
